<?xml version="1.0" encoding="utf-8" standalone="no"?>
<!--This file represents the results of running a test suite-->
<test-results name="C:\Users\jpink_000\Documents\GitHub\SolutionsForWork\FileLinkTracker\FileLinkTrackerTests\ExcelSharpTests.nunit" total="6" errors="0" failures="0" not-run="0" inconclusive="0" ignored="0" skipped="0" invalid="0" date="2014-08-26" time="22:37:16">
  <environment nunit-version="2.6.3.13283" clr-version="2.0.50727.8009" os-version="Microsoft Windows NT 6.2.9200.0" platform="Win32NT" cwd="C:\Users\jpink_000\Documents\GitHub\SolutionsForWork\FileLinkTracker\FileLinkTrackerTests" machine-name="DRWATSON" user="jpink_000" user-domain="DRWATSON" />
  <culture-info current-culture="en-US" current-uiculture="en-US" />
  <test-suite type="Project" name="C:\Users\jpink_000\Documents\GitHub\SolutionsForWork\FileLinkTracker\FileLinkTrackerTests\ExcelSharpTests.nunit" executed="True" result="Success" success="True" time="2.211" asserts="0">
    <results>
      <test-suite type="Assembly" name="C:\Users\jpink_000\Documents\GitHub\SolutionsForWork\FileLinkTracker\FileLinkTrackerTests\bin\Debug\ExcelSharpTests.dll" executed="True" result="Success" success="True" time="2.190" asserts="0">
        <results>
          <test-suite type="Namespace" name="ExcelSharpTests" executed="True" result="Success" success="True" time="2.189" asserts="0">
            <results>
              <test-suite type="TestFixture" name="SheetFactoryTests" executed="True" result="Success" success="True" time="2.180" asserts="0">
                <categories>
                  <category name="Sheet Factory" />
                </categories>
                <results>
                  <test-case name="ExcelSharpTests.SheetFactoryTests.BaseSheetFactoryTests.SheetFactory_ExecuteWithSheet_MakesNewSheet" executed="True" result="Success" success="True" time="0.650" asserts="1" />
                  <test-case name="ExcelSharpTests.SheetFactoryTests.BaseSheetFactoryTests.SheetFactory_ExecuteWithSheet_NewSheetHasTableTools" executed="True" result="Success" success="True" time="0.033" asserts="1" />
                  <test-case name="ExcelSharpTests.SheetFactoryTests.BaseSheetFactoryTests.SheetFactory_ExecuteWithSheet_NewSheetHasTableWriter" executed="True" result="Success" success="True" time="0.043" asserts="1" />
                  <test-case name="ExcelSharpTests.SheetFactoryTests.BaseSheetFactoryTests.SheetFactory_ExecuteWithWorkbook_MakesNewSheet" executed="True" result="Success" success="True" time="0.032" asserts="1" />
                  <test-case name="ExcelSharpTests.SheetFactoryTests.BaseSheetFactoryTests.SheetFactory_ExecuteWithWorkbook_NewSheetHasTableTools" executed="True" result="Success" success="True" time="0.029" asserts="1" />
                  <test-case name="ExcelSharpTests.SheetFactoryTests.BaseSheetFactoryTests.SheetFactory_ExecuteWithWorkbook_NewSheetHasTableWriter" executed="True" result="Success" success="True" time="0.022" asserts="1" />
                </results>
              </test-suite>
            </results>
          </test-suite>
        </results>
      </test-suite>
    </results>
  </test-suite>
</test-results>