<?xml version="1.0" encoding="utf-8" standalone="no"?>
<!--This file represents the results of running a test suite-->
<test-results name="C:\Users\jpinkard\Documents\GitHub\SolutionsForWork\FileLinkTracker\ExcelSharpTests\ExcelSharpTests.nunit" total="5" errors="0" failures="1" not-run="0" inconclusive="0" ignored="0" skipped="0" invalid="0" date="2014-09-17" time="15:09:33">
  <environment nunit-version="2.6.3.13283" clr-version="2.0.50727.5485" os-version="Microsoft Windows NT 6.1.7601 Service Pack 1" platform="Win32NT" cwd="C:\Users\jpinkard\Documents\GitHub\Support_Packages\NUnit.Runners.2.6.3\tools" machine-name="JAMESPINKARD-PC" user="jpinkard" user-domain="INTERA" />
  <culture-info current-culture="en-US" current-uiculture="en-US" />
  <test-suite type="Project" name="C:\Users\jpinkard\Documents\GitHub\SolutionsForWork\FileLinkTracker\ExcelSharpTests\ExcelSharpTests.nunit" executed="True" result="Failure" success="False" time="3.458" asserts="0">
    <results>
      <test-suite type="Assembly" name="C:\Users\jpinkard\Documents\GitHub\SolutionsForWork\FileLinkTracker\ExcelSharpTests\bin\Debug\ExcelSharpTests.dll" executed="True" result="Failure" success="False" time="3.443" asserts="0">
        <results>
          <test-suite type="Namespace" name="ExcelSharpTests" executed="True" result="Failure" success="False" time="3.443" asserts="0">
            <results>
              <test-suite type="TestFixture" name="WriterTests" executed="True" result="Failure" success="False" time="3.440" asserts="0">
                <categories>
                  <category name="WriterTests" />
                </categories>
                <results>
                  <test-case name="ExcelSharpTests.WriterTests.DirectoryLinkWriter_Write_SheetHasFirstSubdirectoryAfterFileList" executed="True" result="Success" success="True" time="0.662" asserts="2" />
                  <test-case name="ExcelSharpTests.WriterTests.DirectoryLinkWriter_WriteWithDate_SheetHasDirectoryAndSearchDate" executed="True" result="Success" success="True" time="0.167" asserts="1" />
                  <test-case name="ExcelSharpTests.WriterTests.DirectoryLinkWriter_WriteWithDate_SheetOnlyHasFilesCreatedOnDate" executed="True" result="Failure" success="False" time="0.078" asserts="1">
                    <failure>
                      <message><![CDATA[  Expected: equivalent to < "ExcelSharp.v12.suo" >
  But was:  < "ExcelAutiomationExample.txt" >
]]></message>
                      <stack-trace><![CDATA[at ExcelSharpTests.WriterTests.DirectoryLinkWriter_WriteWithDate_SheetOnlyHasFilesCreatedOnDate() in c:\Users\jpinkard\Documents\GitHub\SolutionsForWork\FileLinkTracker\ExcelSharpTests\WriterTests.cs:line 79
]]></stack-trace>
                    </failure>
                  </test-case>
                  <test-case name="ExcelSharpTests.WriterTests.DirectoryLinkWriter_WriteWithNullDate_SheetHasFilesInDirectory" executed="True" result="Success" success="True" time="0.061" asserts="1" />
                  <test-case name="ExcelSharpTests.WriterTests.LinkSheetFactory_LinkSheet_SourceIsCurrentDirectory" executed="True" result="Success" success="True" time="0.011" asserts="1" />
                </results>
              </test-suite>
            </results>
          </test-suite>
        </results>
      </test-suite>
    </results>
  </test-suite>
</test-results>