<?xml version="1.0" encoding="utf-8" standalone="no"?>
<!--This file represents the results of running a test suite-->
<test-results name="C:\Users\jpink_000\Documents\GitHub\SolutionsForWork\FileLinkTracker\FileLinkTrackerTests\ExcelSharpTests.nunit" total="16" errors="0" failures="0" not-run="0" inconclusive="0" ignored="0" skipped="0" invalid="0" date="2014-08-29" time="11:56:53">
  <environment nunit-version="2.6.3.13283" clr-version="2.0.50727.8009" os-version="Microsoft Windows NT 6.2.9200.0" platform="Win32NT" cwd="C:\Users\jpink_000\Documents\GitHub\SolutionsForWork\FileLinkTracker\FileLinkTrackerTests" machine-name="DRWATSON" user="jpink_000" user-domain="DRWATSON" />
  <culture-info current-culture="en-US" current-uiculture="en-US" />
  <test-suite type="Project" name="C:\Users\jpink_000\Documents\GitHub\SolutionsForWork\FileLinkTracker\FileLinkTrackerTests\ExcelSharpTests.nunit" executed="True" result="Success" success="True" time="5.043" asserts="0">
    <results>
      <test-suite type="Assembly" name="C:\Users\jpink_000\Documents\GitHub\SolutionsForWork\FileLinkTracker\FileLinkTrackerTests\bin\Debug\ExcelSharpTests.dll" executed="True" result="Success" success="True" time="5.021" asserts="0">
        <results>
          <test-suite type="Namespace" name="ExcelSharpTests" executed="True" result="Success" success="True" time="5.021" asserts="0">
            <results>
              <test-suite type="TestFixture" name="LinkSheetFactoryTests" executed="True" result="Success" success="True" time="2.271" asserts="0">
                <categories>
                  <category name="Sheet Factory" />
                </categories>
                <results>
                  <test-case name="ExcelSharpTests.LinkSheetFactoryTests.BaseSheetFactoryTests.SheetFactory_ExecuteWithSheet_MakesNewSheet" executed="True" result="Success" success="True" time="0.611" asserts="1" />
                  <test-case name="ExcelSharpTests.LinkSheetFactoryTests.BaseSheetFactoryTests.SheetFactory_ExecuteWithSheet_NewSheetHasTableTools" executed="True" result="Success" success="True" time="0.033" asserts="1" />
                  <test-case name="ExcelSharpTests.LinkSheetFactoryTests.BaseSheetFactoryTests.SheetFactory_ExecuteWithSheet_NewSheetHasTableWriter" executed="True" result="Success" success="True" time="0.045" asserts="1" />
                  <test-case name="ExcelSharpTests.LinkSheetFactoryTests.BaseSheetFactoryTests.SheetFactory_ExecuteWithWorkbook_MakesNewSheet" executed="True" result="Success" success="True" time="0.032" asserts="1" />
                  <test-case name="ExcelSharpTests.LinkSheetFactoryTests.BaseSheetFactoryTests.SheetFactory_ExecuteWithWorkbook_NewSheetHasTableTools" executed="True" result="Success" success="True" time="0.026" asserts="1" />
                  <test-case name="ExcelSharpTests.LinkSheetFactoryTests.BaseSheetFactoryTests.SheetFactory_ExecuteWithWorkbook_NewSheetHasTableWriter" executed="True" result="Success" success="True" time="0.019" asserts="1" />
                </results>
              </test-suite>
              <test-suite type="TestFixture" name="TableSheetFactoryTests" executed="True" result="Success" success="True" time="1.318" asserts="0">
                <categories>
                  <category name="Sheet Factory" />
                </categories>
                <results>
                  <test-case name="ExcelSharpTests.TableSheetFactoryTests.BaseSheetFactoryTests.SheetFactory_ExecuteWithSheet_MakesNewSheet" executed="True" result="Success" success="True" time="0.051" asserts="1" />
                  <test-case name="ExcelSharpTests.TableSheetFactoryTests.BaseSheetFactoryTests.SheetFactory_ExecuteWithSheet_NewSheetHasTableTools" executed="True" result="Success" success="True" time="0.035" asserts="1" />
                  <test-case name="ExcelSharpTests.TableSheetFactoryTests.BaseSheetFactoryTests.SheetFactory_ExecuteWithSheet_NewSheetHasTableWriter" executed="True" result="Success" success="True" time="0.037" asserts="1" />
                  <test-case name="ExcelSharpTests.TableSheetFactoryTests.BaseSheetFactoryTests.SheetFactory_ExecuteWithWorkbook_MakesNewSheet" executed="True" result="Success" success="True" time="0.032" asserts="1" />
                  <test-case name="ExcelSharpTests.TableSheetFactoryTests.BaseSheetFactoryTests.SheetFactory_ExecuteWithWorkbook_NewSheetHasTableTools" executed="True" result="Success" success="True" time="0.025" asserts="1" />
                  <test-case name="ExcelSharpTests.TableSheetFactoryTests.BaseSheetFactoryTests.SheetFactory_ExecuteWithWorkbook_NewSheetHasTableWriter" executed="True" result="Success" success="True" time="0.018" asserts="1" />
                </results>
              </test-suite>
              <test-suite type="TestFixture" name="WorkbookTests" executed="True" result="Success" success="True" time="1.414" asserts="0">
                <categories>
                  <category name="Workbook Tests" />
                </categories>
                <results>
                  <test-case name="ExcelSharpTests.WorkbookTests.Workbook_AddSheet_AddsNewSheet" executed="True" result="Success" success="True" time="0.034" asserts="1" />
                  <test-case name="ExcelSharpTests.WorkbookTests.Workbook_GetSheet_ReturnsSheet" executed="True" result="Success" success="True" time="0.002" asserts="1" />
                  <test-case name="ExcelSharpTests.WorkbookTests.Workbook_RemoveSheet_RemovesSheetAtEnd" executed="True" result="Success" success="True" time="0.061" asserts="1" />
                  <test-case name="ExcelSharpTests.WorkbookTests.Workbook_SelectSheet_SetsActiveSheet" executed="True" result="Success" success="True" time="0.005" asserts="1" />
                </results>
              </test-suite>
            </results>
          </test-suite>
        </results>
      </test-suite>
    </results>
  </test-suite>
</test-results>