<?xml version="1.0" encoding="utf-8" standalone="no"?>
<!--This file represents the results of running a test suite-->
<test-results name="C:\Users\jpinkard\Documents\GitHub\SolutionsForWork\FileLinkTracker\ExcelSharpTests\ExcelSharpTests.nunit" total="29" errors="1" failures="0" not-run="0" inconclusive="0" ignored="0" skipped="0" invalid="0" date="2014-09-11" time="16:47:15">
  <environment nunit-version="2.6.3.13283" clr-version="2.0.50727.5485" os-version="Microsoft Windows NT 6.1.7601 Service Pack 1" platform="Win32NT" cwd="C:\Users\jpinkard\Documents\GitHub\Support_Packages\NUnit.Runners.2.6.3\tools" machine-name="JAMESPINKARD-PC" user="jpinkard" user-domain="INTERA" />
  <culture-info current-culture="en-US" current-uiculture="en-US" />
  <test-suite type="Project" name="C:\Users\jpinkard\Documents\GitHub\SolutionsForWork\FileLinkTracker\ExcelSharpTests\ExcelSharpTests.nunit" executed="True" result="Failure" success="False" time="19.663" asserts="0">
    <results>
      <test-suite type="Assembly" name="C:\Users\jpinkard\Documents\GitHub\SolutionsForWork\FileLinkTracker\ExcelSharpTests\bin\Debug\ExcelSharpTests.dll" executed="True" result="Failure" success="False" time="19.648" asserts="0">
        <results>
          <test-suite type="Namespace" name="ExcelSharpTests" executed="True" result="Failure" success="False" time="19.648" asserts="0">
            <results>
              <test-suite type="TestFixture" name="ChangeCommandTests" executed="True" result="Success" success="True" time="3.474" asserts="0">
                <categories>
                  <category name="Change Command" />
                </categories>
                <results>
                  <test-case name="ExcelSharpTests.ChangeCommandTests.ChangeToDirectoryFormatter_Execute_ReceiverHasDirectoryForm" executed="True" result="Success" success="True" time="0.020" asserts="1" />
                  <test-case name="ExcelSharpTests.ChangeCommandTests.ChangeToLinkRemover_Execute_RecieverHasLinkRemover" executed="True" result="Success" success="True" time="0.001" asserts="1" />
                  <test-case name="ExcelSharpTests.ChangeCommandTests.ChangeToolCommand_ChangeToLinkTool_ReceiverHasLinkTool" executed="True" result="Success" success="True" time="0.001" asserts="1" />
                  <test-case name="ExcelSharpTests.ChangeCommandTests.ChangeWriterCommand_ChangeToLinkSheetWriter_ReceiverHasLinkSheetWriter" executed="True" result="Success" success="True" time="0.012" asserts="1" />
                </results>
              </test-suite>
              <test-suite type="TestFixture" name="ExcelOperatorTests" executed="True" result="Success" success="True" time="4.357" asserts="0">
                <results>
                  <test-case name="ExcelSharpTests.ExcelOperatorTests.ExcelOperator_CloseExcel_CloseExcelApplication" executed="True" result="Success" success="True" time="1.443" asserts="1">
                    <categories>
                      <category name="Slow Running" />
                    </categories>
                  </test-case>
                  <test-case name="ExcelSharpTests.ExcelOperatorTests.ExcelOperator_Initialize_InitializesWorksheet" executed="True" result="Success" success="True" time="1.396" asserts="1">
                    <categories>
                      <category name="Slow Running" />
                    </categories>
                  </test-case>
                  <test-case name="ExcelSharpTests.ExcelOperatorTests.ExcelOperator_NewWorkbook_OpensNewWorkbook" executed="True" result="Success" success="True" time="1.512" asserts="1">
                    <categories>
                      <category name="Slow Running" />
                    </categories>
                  </test-case>
                </results>
              </test-suite>
              <test-suite type="TestFixture" name="IntegrationTests" executed="True" result="Failure" success="False" time="2.597" asserts="0">
                <categories>
                  <category name="Integration Test" />
                </categories>
                <results>
                  <test-case name="ExcelSharpTests.IntegrationTests.ChangeSheetCommands_IntegrationTest" executed="True" result="Success" success="True" time="0.427" asserts="5" />
                  <test-case name="ExcelSharpTests.IntegrationTests.FactoryOfTableSheets_IntegrationTest" executed="True" result="Success" success="True" time="0.106" asserts="7" />
                  <test-case name="ExcelSharpTests.IntegrationTests.GenerateLinksCommand_IntegrationTest" executed="True" result="Error" success="False" time="0.050" asserts="0">
                    <failure>
                      <message><![CDATA[System.NotImplementedException : The method or operation is not implemented.]]></message>
                      <stack-trace><![CDATA[at ExcelSharp.WorkbookHyperlinksCommand.Execute() in c:\Users\jpinkard\Documents\GitHub\SolutionsForWork\FileLinkTracker\ExcelSharp\WorkbookHyperlinksCommand.cs:line 23
at ExcelSharpTests.IntegrationTests.GenerateLinksCommand_IntegrationTest() in c:\Users\jpinkard\Documents\GitHub\SolutionsForWork\FileLinkTracker\ExcelSharpTests\IntegrationTests.cs:line 113
]]></stack-trace>
                    </failure>
                  </test-case>
                </results>
              </test-suite>
              <test-suite type="TestFixture" name="LinkSheetFactoryTests" executed="True" result="Success" success="True" time="2.133" asserts="0">
                <categories>
                  <category name="Sheet Factory" />
                </categories>
                <results>
                  <test-case name="ExcelSharpTests.LinkSheetFactoryTests.BaseSheetFactoryTests.SheetFactory_ExecuteWithSheet_MakesNewSheet" executed="True" result="Success" success="True" time="0.029" asserts="1" />
                  <test-case name="ExcelSharpTests.LinkSheetFactoryTests.BaseSheetFactoryTests.SheetFactory_ExecuteWithSheet_NewSheetHasTableTools" executed="True" result="Success" success="True" time="0.019" asserts="1" />
                  <test-case name="ExcelSharpTests.LinkSheetFactoryTests.BaseSheetFactoryTests.SheetFactory_ExecuteWithSheet_NewSheetHasTableWriter" executed="True" result="Success" success="True" time="0.028" asserts="1" />
                  <test-case name="ExcelSharpTests.LinkSheetFactoryTests.BaseSheetFactoryTests.SheetFactory_ExecuteWithWorkbook_MakesNewSheet" executed="True" result="Success" success="True" time="0.019" asserts="1" />
                  <test-case name="ExcelSharpTests.LinkSheetFactoryTests.BaseSheetFactoryTests.SheetFactory_ExecuteWithWorkbook_NewSheetHasTableTools" executed="True" result="Success" success="True" time="0.011" asserts="1" />
                  <test-case name="ExcelSharpTests.LinkSheetFactoryTests.BaseSheetFactoryTests.SheetFactory_ExecuteWithWorkbook_NewSheetHasTableWriter" executed="True" result="Success" success="True" time="0.012" asserts="1" />
                </results>
              </test-suite>
              <test-suite type="TestFixture" name="SheetTests" executed="True" result="Success" success="True" time="2.690" asserts="0">
                <categories>
                  <category name="Sheet Tests" />
                </categories>
                <results>
                  <test-case name="ExcelSharpTests.SheetTests.Sheet_Exists_ReturnTrueIfWorksheetSet" executed="True" result="Success" success="True" time="0.060" asserts="2" />
                  <test-case name="ExcelSharpTests.SheetTests.Sheet_GetCells_ReturnsArrayOfValuesBlockOfCells" executed="True" result="Success" success="True" time="0.547" asserts="2" />
                  <test-case name="ExcelSharpTests.SheetTests.Sheet_GetRange_ReturnsArrayOfValuesInRange" executed="True" result="Success" success="True" time="0.040" asserts="1" />
                </results>
              </test-suite>
              <test-suite type="TestFixture" name="TableSheetFactoryTests" executed="True" result="Success" success="True" time="2.206" asserts="0">
                <categories>
                  <category name="Sheet Factory" />
                </categories>
                <results>
                  <test-case name="ExcelSharpTests.TableSheetFactoryTests.BaseSheetFactoryTests.SheetFactory_ExecuteWithSheet_MakesNewSheet" executed="True" result="Success" success="True" time="0.028" asserts="1" />
                  <test-case name="ExcelSharpTests.TableSheetFactoryTests.BaseSheetFactoryTests.SheetFactory_ExecuteWithSheet_NewSheetHasTableTools" executed="True" result="Success" success="True" time="0.020" asserts="1" />
                  <test-case name="ExcelSharpTests.TableSheetFactoryTests.BaseSheetFactoryTests.SheetFactory_ExecuteWithSheet_NewSheetHasTableWriter" executed="True" result="Success" success="True" time="0.024" asserts="1" />
                  <test-case name="ExcelSharpTests.TableSheetFactoryTests.BaseSheetFactoryTests.SheetFactory_ExecuteWithWorkbook_MakesNewSheet" executed="True" result="Success" success="True" time="0.018" asserts="1" />
                  <test-case name="ExcelSharpTests.TableSheetFactoryTests.BaseSheetFactoryTests.SheetFactory_ExecuteWithWorkbook_NewSheetHasTableTools" executed="True" result="Success" success="True" time="0.011" asserts="1" />
                  <test-case name="ExcelSharpTests.TableSheetFactoryTests.BaseSheetFactoryTests.SheetFactory_ExecuteWithWorkbook_NewSheetHasTableWriter" executed="True" result="Success" success="True" time="0.012" asserts="1" />
                </results>
              </test-suite>
              <test-suite type="TestFixture" name="WorkbookTests" executed="True" result="Success" success="True" time="2.172" asserts="0">
                <categories>
                  <category name="Workbook Tests" />
                </categories>
                <results>
                  <test-case name="ExcelSharpTests.WorkbookTests.Workbook_AddSheet_AddsNewSheet" executed="True" result="Success" success="True" time="0.016" asserts="1" />
                  <test-case name="ExcelSharpTests.WorkbookTests.Workbook_GetSheet_ReturnsSheet" executed="True" result="Success" success="True" time="0.001" asserts="1" />
                  <test-case name="ExcelSharpTests.WorkbookTests.Workbook_RemoveSheet_RemovesSheetAtEnd" executed="True" result="Success" success="True" time="0.033" asserts="1" />
                  <test-case name="ExcelSharpTests.WorkbookTests.Workbook_SelectSheet_SetsActiveSheet" executed="True" result="Success" success="True" time="0.003" asserts="1" />
                </results>
              </test-suite>
            </results>
          </test-suite>
        </results>
      </test-suite>
    </results>
  </test-suite>
</test-results>