<?xml version="1.0" encoding="utf-8" standalone="no"?>
<!--This file represents the results of running a test suite-->
<test-results name="C:\Users\jpinkard\Documents\GitHub\SolutionsForWork\FileLinkTracker\ExcelSharpTests\ExcelSharpTests.nunit" total="4" errors="0" failures="0" not-run="0" inconclusive="0" ignored="0" skipped="0" invalid="0" date="2014-09-10" time="17:49:32">
  <environment nunit-version="2.6.3.13283" clr-version="2.0.50727.5485" os-version="Microsoft Windows NT 6.1.7601 Service Pack 1" platform="Win32NT" cwd="C:\Users\jpinkard\Documents\GitHub\Support_Packages\NUnit.Runners.2.6.3\tools" machine-name="JAMESPINKARD-PC" user="jpinkard" user-domain="INTERA" />
  <culture-info current-culture="en-US" current-uiculture="en-US" />
  <test-suite type="Project" name="C:\Users\jpinkard\Documents\GitHub\SolutionsForWork\FileLinkTracker\ExcelSharpTests\ExcelSharpTests.nunit" executed="True" result="Success" success="True" time="1.963" asserts="0">
    <results>
      <test-suite type="Assembly" name="C:\Users\jpinkard\Documents\GitHub\SolutionsForWork\FileLinkTracker\ExcelSharpTests\bin\Debug\ExcelSharpTests.dll" executed="True" result="Success" success="True" time="1.963" asserts="0">
        <results>
          <test-suite type="Namespace" name="ExcelSharpTests" executed="True" result="Success" success="True" time="1.962" asserts="0">
            <results>
              <test-suite type="TestFixture" name="ChangeCommandTests" executed="True" result="Success" success="True" time="1.961" asserts="0">
                <categories>
                  <category name="Change Command" />
                </categories>
                <results>
                  <test-case name="ExcelSharpTests.ChangeCommandTests.ChangeToDirectoryFormatter_Execute_ReceiverHasDirectoryForm" executed="True" result="Success" success="True" time="0.000" asserts="1" />
                  <test-case name="ExcelSharpTests.ChangeCommandTests.ChangeToLinkRemover_Execute_RecieverHasLinkRemover" executed="True" result="Success" success="True" time="0.000" asserts="1" />
                  <test-case name="ExcelSharpTests.ChangeCommandTests.ChangeToolCommand_ChangeToLinkTool_ReceiverHasLinkTool" executed="True" result="Success" success="True" time="0.000" asserts="1" />
                  <test-case name="ExcelSharpTests.ChangeCommandTests.ChangeWriterCommand_ChangeToLinkSheetWriter_ReceiverHasLinkSheetWriter" executed="True" result="Success" success="True" time="0.000" asserts="1" />
                </results>
              </test-suite>
            </results>
          </test-suite>
        </results>
      </test-suite>
    </results>
  </test-suite>
</test-results>