<?xml version="1.0" encoding="utf-8" standalone="no"?>
<!--This file represents the results of running a test suite-->
<test-results name="C:\Users\jpinkard\Documents\GitHub\SolutionsForWork\FileLinkTracker\ExcelSharpTests\ExcelSharpTests.nunit" total="17" errors="0" failures="0" not-run="0" inconclusive="0" ignored="0" skipped="0" invalid="0" date="2014-09-05" time="11:10:27">
  <environment nunit-version="2.6.3.13283" clr-version="2.0.50727.5483" os-version="Microsoft Windows NT 6.1.7601 Service Pack 1" platform="Win32NT" cwd="C:\Users\jpinkard\Documents\GitHub\Support_Packages\NUnit.Runners.2.6.3\tools" machine-name="JAMESPINKARD-PC" user="jpinkard" user-domain="INTERA" />
  <culture-info current-culture="en-US" current-uiculture="en-US" />
  <test-suite type="Project" name="C:\Users\jpinkard\Documents\GitHub\SolutionsForWork\FileLinkTracker\ExcelSharpTests\ExcelSharpTests.nunit" executed="True" result="Success" success="True" time="9.757" asserts="0">
    <results>
      <test-suite type="Assembly" name="C:\Users\jpinkard\Documents\GitHub\SolutionsForWork\FileLinkTracker\ExcelSharpTests\bin\Debug\ExcelSharpTests.dll" executed="True" result="Success" success="True" time="9.743" asserts="0">
        <results>
          <test-suite type="Namespace" name="ExcelSharpTests" executed="True" result="Success" success="True" time="9.742" asserts="0">
            <results>
              <test-suite type="TestFixture" name="IntegrationTests" executed="True" result="Success" success="True" time="2.677" asserts="0">
                <categories>
                  <category name="Integration Test" />
                </categories>
                <results>
                  <test-case name="ExcelSharpTests.IntegrationTests.FactoryOfTableSheets_IntegrationTest" executed="True" result="Success" success="True" time="0.452" asserts="7" />
                </results>
              </test-suite>
              <test-suite type="TestFixture" name="LinkSheetFactoryTests" executed="True" result="Success" success="True" time="2.335" asserts="0">
                <categories>
                  <category name="Sheet Factory" />
                </categories>
                <results>
                  <test-case name="ExcelSharpTests.LinkSheetFactoryTests.BaseSheetFactoryTests.SheetFactory_ExecuteWithSheet_MakesNewSheet" executed="True" result="Success" success="True" time="0.030" asserts="1" />
                  <test-case name="ExcelSharpTests.LinkSheetFactoryTests.BaseSheetFactoryTests.SheetFactory_ExecuteWithSheet_NewSheetHasTableTools" executed="True" result="Success" success="True" time="0.046" asserts="1" />
                  <test-case name="ExcelSharpTests.LinkSheetFactoryTests.BaseSheetFactoryTests.SheetFactory_ExecuteWithSheet_NewSheetHasTableWriter" executed="True" result="Success" success="True" time="0.050" asserts="1" />
                  <test-case name="ExcelSharpTests.LinkSheetFactoryTests.BaseSheetFactoryTests.SheetFactory_ExecuteWithWorkbook_MakesNewSheet" executed="True" result="Success" success="True" time="0.019" asserts="1" />
                  <test-case name="ExcelSharpTests.LinkSheetFactoryTests.BaseSheetFactoryTests.SheetFactory_ExecuteWithWorkbook_NewSheetHasTableTools" executed="True" result="Success" success="True" time="0.011" asserts="1" />
                  <test-case name="ExcelSharpTests.LinkSheetFactoryTests.BaseSheetFactoryTests.SheetFactory_ExecuteWithWorkbook_NewSheetHasTableWriter" executed="True" result="Success" success="True" time="0.011" asserts="1" />
                </results>
              </test-suite>
              <test-suite type="TestFixture" name="TableSheetFactoryTests" executed="True" result="Success" success="True" time="2.355" asserts="0">
                <categories>
                  <category name="Sheet Factory" />
                </categories>
                <results>
                  <test-case name="ExcelSharpTests.TableSheetFactoryTests.BaseSheetFactoryTests.SheetFactory_ExecuteWithSheet_MakesNewSheet" executed="True" result="Success" success="True" time="0.028" asserts="1" />
                  <test-case name="ExcelSharpTests.TableSheetFactoryTests.BaseSheetFactoryTests.SheetFactory_ExecuteWithSheet_NewSheetHasTableTools" executed="True" result="Success" success="True" time="0.019" asserts="1" />
                  <test-case name="ExcelSharpTests.TableSheetFactoryTests.BaseSheetFactoryTests.SheetFactory_ExecuteWithSheet_NewSheetHasTableWriter" executed="True" result="Success" success="True" time="0.019" asserts="1" />
                  <test-case name="ExcelSharpTests.TableSheetFactoryTests.BaseSheetFactoryTests.SheetFactory_ExecuteWithWorkbook_MakesNewSheet" executed="True" result="Success" success="True" time="0.021" asserts="1" />
                  <test-case name="ExcelSharpTests.TableSheetFactoryTests.BaseSheetFactoryTests.SheetFactory_ExecuteWithWorkbook_NewSheetHasTableTools" executed="True" result="Success" success="True" time="0.011" asserts="1" />
                  <test-case name="ExcelSharpTests.TableSheetFactoryTests.BaseSheetFactoryTests.SheetFactory_ExecuteWithWorkbook_NewSheetHasTableWriter" executed="True" result="Success" success="True" time="0.011" asserts="1" />
                </results>
              </test-suite>
              <test-suite type="TestFixture" name="WorkbookTests" executed="True" result="Success" success="True" time="2.367" asserts="0">
                <categories>
                  <category name="Workbook Tests" />
                </categories>
                <results>
                  <test-case name="ExcelSharpTests.WorkbookTests.Workbook_AddSheet_AddsNewSheet" executed="True" result="Success" success="True" time="0.015" asserts="1" />
                  <test-case name="ExcelSharpTests.WorkbookTests.Workbook_GetSheet_ReturnsSheet" executed="True" result="Success" success="True" time="0.001" asserts="1" />
                  <test-case name="ExcelSharpTests.WorkbookTests.Workbook_RemoveSheet_RemovesSheetAtEnd" executed="True" result="Success" success="True" time="0.034" asserts="1" />
                  <test-case name="ExcelSharpTests.WorkbookTests.Workbook_SelectSheet_SetsActiveSheet" executed="True" result="Success" success="True" time="0.004" asserts="1" />
                </results>
              </test-suite>
            </results>
          </test-suite>
        </results>
      </test-suite>
    </results>
  </test-suite>
</test-results>