<?xml version="1.0" encoding="utf-8" standalone="no"?>
<!--This file represents the results of running a test suite-->
<test-results name="C:\Users\jpinkard\Documents\GitHub\SolutionsForWork\ExcelSolution\ExcelSolution.UnitTests.nunit" total="2" errors="0" failures="0" not-run="0" inconclusive="0" ignored="0" skipped="0" invalid="0" date="2014-07-09" time="07:55:56">
  <environment nunit-version="2.6.3.13283" clr-version="2.0.50727.5477" os-version="Microsoft Windows NT 6.1.7601 Service Pack 1" platform="Win32NT" cwd="C:\Users\jpinkard\Documents\GitHub\Support_Packages\NUnit.Runners.2.6.3\tools" machine-name="JAMESPINKARD-PC" user="jpinkard" user-domain="INTERA" />
  <culture-info current-culture="en-US" current-uiculture="en-US" />
  <test-suite type="Project" name="C:\Users\jpinkard\Documents\GitHub\SolutionsForWork\ExcelSolution\ExcelSolution.UnitTests.nunit" executed="True" result="Success" success="True" time="3.432" asserts="0">
    <results>
      <test-suite type="Assembly" name="C:\Users\jpinkard\Documents\GitHub\SolutionsForWork\ExcelSolution\ExcelSolution.UnitTests\bin\Debug\ExcelSolution.UnitTests.dll" executed="True" result="Success" success="True" time="3.417" asserts="0">
        <results>
          <test-suite type="Namespace" name="ExcelSolution" executed="True" result="Success" success="True" time="3.417" asserts="0">
            <results>
              <test-suite type="Namespace" name="UnitTests" executed="True" result="Success" success="True" time="3.416" asserts="0">
                <results>
                  <test-suite type="TestFixture" name="ExcelChartAppTests" executed="True" result="Success" success="True" time="3.414" asserts="0">
                    <results>
                      <test-case name="ExcelSolution.UnitTests.ExcelChartAppTests.CloseExcel_AppHasBeenInitialized_AppIsNull" executed="True" result="Success" success="True" time="2.021" asserts="1" />
                      <test-case name="ExcelSolution.UnitTests.ExcelChartAppTests.InitializeExcel_SampleData_ExcelIsNotOpen" executed="True" result="Success" success="True" time="1.344" asserts="1" />
                    </results>
                  </test-suite>
                </results>
              </test-suite>
            </results>
          </test-suite>
        </results>
      </test-suite>
    </results>
  </test-suite>
</test-results>