<?xml version="1.0" encoding="utf-8" standalone="no"?>
<!--This file represents the results of running a test suite-->
<test-results name="C:\Users\jpinkard\Documents\GitHub\SolutionsForWork\ExcelSolution\ExcelSolution.UnitTests.nunit" total="1" errors="1" failures="0" not-run="0" inconclusive="0" ignored="0" skipped="0" invalid="0" date="2014-07-08" time="16:51:56">
  <environment nunit-version="2.6.3.13283" clr-version="2.0.50727.5477" os-version="Microsoft Windows NT 6.1.7601 Service Pack 1" platform="Win32NT" cwd="C:\Users\jpinkard\Documents\GitHub\Support_Packages\NUnit.Runners.2.6.3\tools" machine-name="JAMESPINKARD-PC" user="jpinkard" user-domain="INTERA" />
  <culture-info current-culture="en-US" current-uiculture="en-US" />
  <test-suite type="Project" name="C:\Users\jpinkard\Documents\GitHub\SolutionsForWork\ExcelSolution\ExcelSolution.UnitTests.nunit" executed="True" result="Failure" success="False" time="4.080" asserts="0">
    <results>
      <test-suite type="Assembly" name="C:\Users\jpinkard\Documents\GitHub\SolutionsForWork\ExcelSolution\ExcelSolution.UnitTests\bin\Debug\ExcelSolution.UnitTests.dll" executed="True" result="Failure" success="False" time="4.065" asserts="0">
        <results>
          <test-suite type="Namespace" name="ExcelSolution" executed="True" result="Failure" success="False" time="4.065" asserts="0">
            <results>
              <test-suite type="Namespace" name="UnitTests" executed="True" result="Failure" success="False" time="4.064" asserts="0">
                <results>
                  <test-suite type="TestFixture" name="WorkBookTests" executed="True" result="Failure" success="False" time="4.062" asserts="0">
                    <results>
                      <test-case name="ExcelSolution.UnitTests.WorkBookTests.InitializeBook_DBpath_SheetCountOfThree" executed="True" result="Error" success="False" time="4.050" asserts="0">
                        <failure>
                          <message><![CDATA[System.Runtime.InteropServices.COMException : Sorry, we couldn't find . Is it possible it was moved, renamed or deleted?]]></message>
                          <stack-trace><![CDATA[at Microsoft.Office.Interop.Excel.Workbooks.Open(String Filename, Object UpdateLinks, Object ReadOnly, Object Format, Object Password, Object WriteResPassword, Object IgnoreReadOnlyRecommended, Object Origin, Object Delimiter, Object Editable, Object Notify, Object Converter, Object AddToMru, Object Local, Object CorruptLoad)
at ExcelSolution.Code.ExcelWorkBook.InitializeBook(String workBookPath) in c:\Users\jpinkard\Documents\GitHub\SolutionsForWork\ExcelSolution\ExcelSolution\ExcelWorkBook.cs:line 26
at ExcelSolution.UnitTests.WorkBookTests.InitializeBook_DBpath_SheetCountOfThree() in c:\Users\jpinkard\Documents\GitHub\SolutionsForWork\ExcelSolution\ExcelSolution.UnitTests\ExcelChartAppTests.cs:line 62
]]></stack-trace>
                        </failure>
                      </test-case>
                    </results>
                  </test-suite>
                </results>
              </test-suite>
            </results>
          </test-suite>
        </results>
      </test-suite>
    </results>
  </test-suite>
</test-results>