<?xml version="1.0" encoding="utf-8" standalone="no"?>
<!--This file represents the results of running a test suite-->
<test-results name="C:\Users\jpinkard\Documents\GitHub\SolutionsForWork\ExcelSolution\ExcelSolution.UnitTests\bin\Debug\ExcelSolution.UnitTests.nunit" total="2" errors="2" failures="0" not-run="0" inconclusive="0" ignored="0" skipped="0" invalid="0" date="2014-07-08" time="10:44:53">
  <environment nunit-version="2.6.3.13283" clr-version="2.0.50727.5477" os-version="Microsoft Windows NT 6.1.7601 Service Pack 1" platform="Win32NT" cwd="C:\Users\jpinkard\Documents\GitHub\Support_Packages\NUnit.Runners.2.6.3\tools" machine-name="JAMESPINKARD-PC" user="jpinkard" user-domain="INTERA" />
  <culture-info current-culture="en-US" current-uiculture="en-US" />
  <test-suite type="Project" name="C:\Users\jpinkard\Documents\GitHub\SolutionsForWork\ExcelSolution\ExcelSolution.UnitTests\bin\Debug\ExcelSolution.UnitTests.nunit" executed="False" result="Cancelled">
    <results>
      <test-suite type="Assembly" name="C:\Users\jpinkard\Documents\GitHub\SolutionsForWork\ExcelSolution\ExcelSolution.UnitTests\bin\Debug\ExcelSolution.UnitTests.dll" executed="False" result="Cancelled">
        <results>
          <test-suite type="Namespace" name="ExcelSolution" executed="False" result="Cancelled">
            <results>
              <test-suite type="Namespace" name="UnitTests" executed="False" result="Cancelled">
                <results>
                  <test-suite type="TestFixture" name="ExcelChartAppTests" executed="False" result="Cancelled">
                    <results>
                      <test-case name="ExcelSolution.UnitTests.ExcelChartAppTests.CloseExcel_Default_AppIsNull" executed="True" result="Error" success="False" time="0.241" asserts="0">
                        <failure>
                          <message><![CDATA[System.NullReferenceException : Object reference not set to an instance of an object.]]></message>
                          <stack-trace><![CDATA[at ExcelSolution.Code.ExcelChartApp.CloseExcel() in c:\Users\jpink_000\Documents\GitHub\SolutionsForWork\ExcelSolution\ExcelSolution\ExcelChartApp.cs:line 26
at ExcelSolution.UnitTests.ExcelChartAppTests.CloseExcel_Default_AppIsNull() in c:\Users\jpink_000\Documents\GitHub\SolutionsForWork\ExcelSolution\ExcelSolution.UnitTests\ExcelChartAppTests.cs:line 29
]]></stack-trace>
                        </failure>
                      </test-case>
                      <test-case name="ExcelSolution.UnitTests.ExcelChartAppTests.InitializeExcel_SampleData_ExcelIsNotVisible" executed="False" result="Cancelled">
                        <failure>
                          <message><![CDATA[Test cancelled by user]]></message>
                          <stack-trace><![CDATA[at System.RuntimeMethodHandle.InvokeMethod(Object target, Object[] arguments, Signature sig, Boolean constructor)
at System.Reflection.RuntimeMethodInfo.UnsafeInvokeInternal(Object obj, Object[] parameters, Object[] arguments)
at System.Reflection.RuntimeMethodInfo.Invoke(Object obj, BindingFlags invokeAttr, Binder binder, Object[] parameters, CultureInfo culture)
at NUnit.Core.Reflect.InvokeMethod(MethodInfo method, Object fixture, Object[] args)
at NUnit.Core.TestMethod.RunTestMethod()
at NUnit.Core.TestMethod.RunTestCase(TestResult testResult)
]]></stack-trace>
                        </failure>
                      </test-case>
                    </results>
                  </test-suite>
                </results>
              </test-suite>
            </results>
          </test-suite>
        </results>
      </test-suite>
    </results>
  </test-suite>
</test-results>