<?xml version="1.0" encoding="utf-8" standalone="no"?>
<!--This file represents the results of running a test suite-->
<test-results name="C:\Users\jpink_000\Documents\GitHub\SolutionsForWork\ExcelSolution\ExcelSolution.UnitTests\bin\Debug\ExcelSolution.UnitTests.nunit" total="2" errors="0" failures="0" not-run="0" inconclusive="0" ignored="0" skipped="0" invalid="0" date="2014-07-07" time="00:10:00">
  <environment nunit-version="2.6.3.13283" clr-version="2.0.50727.8000" os-version="Microsoft Windows NT 6.2.9200.0" platform="Win32NT" cwd="C:\Users\jpink_000\Documents\GitHub\SolutionsForWork\ExcelSolution\ExcelSolution.UnitTests\bin\Debug" machine-name="DRWATSON" user="jpink_000" user-domain="DRWATSON" />
  <culture-info current-culture="en-US" current-uiculture="en-US" />
  <test-suite type="Project" name="C:\Users\jpink_000\Documents\GitHub\SolutionsForWork\ExcelSolution\ExcelSolution.UnitTests\bin\Debug\ExcelSolution.UnitTests.nunit" executed="True" result="Success" success="True" time="2.035" asserts="0">
    <results>
      <test-suite type="Assembly" name="C:\Users\jpink_000\Documents\GitHub\SolutionsForWork\ExcelSolution\ExcelSolution.UnitTests\bin\Debug\ExcelSolution.UnitTests.dll" executed="True" result="Success" success="True" time="2.034" asserts="0">
        <results>
          <test-suite type="Namespace" name="ExcelSolution" executed="True" result="Success" success="True" time="2.033" asserts="0">
            <results>
              <test-suite type="Namespace" name="UnitTests" executed="True" result="Success" success="True" time="2.032" asserts="0">
                <results>
                  <test-suite type="TestFixture" name="ExcelChartAppTests" executed="True" result="Success" success="True" time="2.031" asserts="0">
                    <results>
                      <test-case name="ExcelSolution.UnitTests.ExcelChartAppTests.CloseExcel_Default_AppIsNull" executed="True" result="Success" success="True" time="0.005" asserts="1" />
                      <test-case name="ExcelSolution.UnitTests.ExcelChartAppTests.InitializeExcel_SampleData_ExcelIsNotVisible" executed="True" result="Success" success="True" time="2.014" asserts="1" />
                    </results>
                  </test-suite>
                </results>
              </test-suite>
            </results>
          </test-suite>
        </results>
      </test-suite>
    </results>
  </test-suite>
</test-results>